Exporter version: 6.2.3, Blender version: 2.80 (sub 75)
========= Conversion from Blender to Babylon.js =========
	Scene settings used :
		inline textures     :  false
		Material Type       :  PBR
		Positions Precision :  4
		Normals Precision   :  3
		UVs Precision       :  3
		Vert Color Precision:  3
		Mat Weight Precision:  2
		texture directory   :  D:\MAMP\htdocs\MJS\games\babylonjs-impactjs-marketjs-platform-master\media\scenes\
	Python World class constructor completed
	processing begun of camera (UniversalCamera):  Camera:game-camera.js
	processing begun of mesh:  LaserSpawner:laser-spawner.js
		processing begun of material:  Material
			processing texture tiles
				WARNING: Exception during copy:
					'D:\\MAMP\\htdocs\\MJS\\games\\babylonjs-impactjs-marketjs-platform-master\\media\\scenes\\tiles.jpg' and 'D:\\MAMP\\htdocs\\MJS\\games\\babylonjs-impactjs-marketjs-platform-master\\media\\scenes\\tiles.jpg' are the same file
				texture type:  diffuseTexture, mapped using: "UVMap"
		num positions      :  33
		num normals        :  33
		num tangents       :  0
		num uvs            :  66
		num uvs2           :  0
		num colors         :  0
		num indices        :  42
	processing begun of mesh:  Plane
		processing begun of material:  Material
		registered as also a user of material:  Material
		num positions      :  4
		num normals        :  4
		num tangents       :  0
		num uvs            :  8
		num uvs2           :  0
		num colors         :  0
		num indices        :  6
	processing begun of light (HEMI FROM AREA):  Light
========= Writing of JSON file started =========
	writing mesh:  LaserSpawner:laser-spawner.js
	writing mesh:  Plane
========= Writing of JSON file completed =========
========= end of processing =========
elapsed time:  0 min, 0.014 secs
